build/app/intermediates/manifest_merge_blame_file/release/manifest-merger-blame-release-report.txt
1<?xml version="1.0" encoding="utf-8"?>
2<manifest xmlns:android="http://schemas.android.com/apk/res/android"
3    package="mianffery.ivc.lili"
4    android:versionCode="444"
5    android:versionName="3.50.444" >
6
7    <uses-sdk
8        android:minSdkVersion="21"
8-->src\main\AndroidManifest.xml
9        android:targetSdkVersion="34" />
9-->src\main\AndroidManifest.xml
10
11    <queries>
11-->src\main\AndroidManifest.xml:60:5-73:15
12        <intent>
12-->src\main\AndroidManifest.xml:61:9-64:18
13            <action android:name="android.intent.action.VIEW" />
13-->src\main\AndroidManifest.xml:62:13-65
13-->src\main\AndroidManifest.xml:62:21-62
14
15            <data android:scheme="https" />
15-->src\main\AndroidManifest.xml:63:13-44
15-->src\main\AndroidManifest.xml:63:19-41
16        </intent>
17        <intent>
17-->src\main\AndroidManifest.xml:65:9-68:18
18            <action android:name="android.intent.action.DIAL" />
18-->src\main\AndroidManifest.xml:66:13-65
18-->src\main\AndroidManifest.xml:66:21-62
19
20            <data android:scheme="tel" />
20-->src\main\AndroidManifest.xml:63:13-44
20-->src\main\AndroidManifest.xml:63:19-41
21        </intent>
22        <intent>
22-->src\main\AndroidManifest.xml:69:9-72:18
23            <action android:name="android.intent.action.SEND" />
23-->src\main\AndroidManifest.xml:70:13-65
23-->src\main\AndroidManifest.xml:70:21-62
24
25            <data android:mimeType="*/*" />
25-->src\main\AndroidManifest.xml:63:13-44
25-->src\main\AndroidManifest.xml:71:19-41
26        </intent>
27        <!-- Added to check the default browser that will host the AuthFlow. -->
28        <intent>
28-->[com.stripe:financial-connections:20.11.0] AndroidManifest.xml:15:9-19:18
29            <action android:name="android.intent.action.VIEW" />
29-->src\main\AndroidManifest.xml:62:13-65
29-->src\main\AndroidManifest.xml:62:21-62
30
31            <data android:scheme="http" />
31-->src\main\AndroidManifest.xml:63:13-44
31-->src\main\AndroidManifest.xml:63:19-41
32        </intent> <!-- Added to check if Chrome is installed for browser-based payment authentication (e.g. 3DS1). -->
33        <package android:name="com.android.chrome" /> <!-- Needs to be explicitly declared on Android R+ -->
33-->[com.stripe:payments-core:20.11.0] AndroidManifest.xml:13:9-54
33-->[com.stripe:payments-core:20.11.0] AndroidManifest.xml:13:18-51
34        <package android:name="com.google.android.apps.maps" />
34-->[com.google.android.gms:play-services-maps:18.2.0] AndroidManifest.xml:33:9-64
34-->[com.google.android.gms:play-services-maps:18.2.0] AndroidManifest.xml:33:18-61
35    </queries>
36
37    <uses-permission android:name="android.permission.INTERNET" />
37-->src\main\AndroidManifest.xml:75:5-66
37-->src\main\AndroidManifest.xml:75:22-64
38    <uses-permission android:name="android.permission.ACCESS_FINE_LOCATION" />
38-->src\main\AndroidManifest.xml:76:5-79
38-->src\main\AndroidManifest.xml:76:22-76
39    <uses-permission android:name="android.permission.ACCESS_COARSE_LOCATION" />
39-->src\main\AndroidManifest.xml:77:5-81
39-->src\main\AndroidManifest.xml:77:22-78
40    <uses-permission android:name="android.permission.POST_NOTIFICATIONS" />
40-->src\main\AndroidManifest.xml:78:5-76
40-->src\main\AndroidManifest.xml:78:22-74
41    <uses-permission android:name="android.permission.WAKE_LOCK" />
41-->src\main\AndroidManifest.xml:79:5-68
41-->src\main\AndroidManifest.xml:79:22-65
42    <uses-permission android:name="android.permission.FOREGROUND_SERVICE" />
42-->src\main\AndroidManifest.xml:80:5-77
42-->src\main\AndroidManifest.xml:80:22-74
43    <uses-permission android:name="android.permission.RECEIVE_BOOT_COMPLETED" />
43-->src\main\AndroidManifest.xml:81:5-81
43-->src\main\AndroidManifest.xml:81:22-78
44    <uses-permission android:name="android.permission.VIBRATE" />
44-->src\main\AndroidManifest.xml:82:5-66
44-->src\main\AndroidManifest.xml:82:22-63
45    <uses-permission android:name="android.permission.ACCESS_NETWORK_STATE" />
45-->[:firebase_messaging] AndroidManifest.xml:11:5-79
45-->[:firebase_messaging] AndroidManifest.xml:11:22-76
46
47    <uses-feature
47-->[com.google.android.gms:play-services-maps:18.2.0] AndroidManifest.xml:26:5-28:35
48        android:glEsVersion="0x00020000"
48-->[com.google.android.gms:play-services-maps:18.2.0] AndroidManifest.xml:27:9-41
49        android:required="true" /> <!-- Required by older versions of Google Play services to create IID tokens -->
49-->[com.google.android.gms:play-services-maps:18.2.0] AndroidManifest.xml:28:9-32
50    <uses-permission android:name="com.google.android.c2dm.permission.RECEIVE" />
50-->[com.google.firebase:firebase-messaging:23.4.1] AndroidManifest.xml:26:5-82
50-->[com.google.firebase:firebase-messaging:23.4.1] AndroidManifest.xml:26:22-79
51    <uses-permission android:name="com.google.android.gms.permission.AD_ID" />
51-->[com.google.android.gms:play-services-measurement-api:21.6.1] AndroidManifest.xml:25:5-79
51-->[com.google.android.gms:play-services-measurement-api:21.6.1] AndroidManifest.xml:25:22-76
52    <uses-permission android:name="android.permission.ACCESS_ADSERVICES_ATTRIBUTION" />
52-->[com.google.android.gms:play-services-measurement-api:21.6.1] AndroidManifest.xml:26:5-88
52-->[com.google.android.gms:play-services-measurement-api:21.6.1] AndroidManifest.xml:26:22-85
53    <uses-permission android:name="android.permission.ACCESS_ADSERVICES_AD_ID" />
53-->[com.google.android.gms:play-services-measurement-api:21.6.1] AndroidManifest.xml:27:5-82
53-->[com.google.android.gms:play-services-measurement-api:21.6.1] AndroidManifest.xml:27:22-79
54    <uses-permission android:name="com.google.android.finsky.permission.BIND_GET_INSTALL_REFERRER_SERVICE" />
54-->[com.google.android.gms:play-services-measurement:21.6.1] AndroidManifest.xml:26:5-110
54-->[com.google.android.gms:play-services-measurement:21.6.1] AndroidManifest.xml:26:22-107
55
56    <permission
56-->[androidx.core:core:1.13.0] AndroidManifest.xml:22:5-24:47
57        android:name="mianffery.ivc.lili.DYNAMIC_RECEIVER_NOT_EXPORTED_PERMISSION"
57-->[androidx.core:core:1.13.0] AndroidManifest.xml:23:9-81
58        android:protectionLevel="signature" />
58-->[androidx.core:core:1.13.0] AndroidManifest.xml:24:9-44
59
60    <uses-permission android:name="mianffery.ivc.lili.DYNAMIC_RECEIVER_NOT_EXPORTED_PERMISSION" />
60-->[androidx.core:core:1.13.0] AndroidManifest.xml:26:5-97
60-->[androidx.core:core:1.13.0] AndroidManifest.xml:26:22-94
61
62    <application
63        android:name="android.app.Application"
63-->src\main\AndroidManifest.xml:5:9-42
64        android:appComponentFactory="androidx.core.app.CoreComponentFactory"
64-->[androidx.core:core:1.13.0] AndroidManifest.xml:28:18-86
65        android:icon="@mipmap/ic_launcher"
65-->src\main\AndroidManifest.xml:6:9-43
66        android:label="Evhery" >
66-->src\main\AndroidManifest.xml:4:9-31
67        <activity
67-->src\main\AndroidManifest.xml:7:9-38:20
68            android:name="mianffery.ivc.lili.MainActivity"
68-->src\main\AndroidManifest.xml:8:13-41
69            android:configChanges="orientation|keyboardHidden|keyboard|screenSize|smallestScreenSize|locale|layoutDirection|fontScale|screenLayout|density|uiMode"
69-->src\main\AndroidManifest.xml:12:13-163
70            android:exported="true"
70-->src\main\AndroidManifest.xml:9:13-36
71            android:hardwareAccelerated="true"
71-->src\main\AndroidManifest.xml:13:13-47
72            android:launchMode="singleTop"
72-->src\main\AndroidManifest.xml:10:13-43
73            android:theme="@style/LaunchTheme"
73-->src\main\AndroidManifest.xml:11:13-47
74            android:windowSoftInputMode="adjustResize" >
74-->src\main\AndroidManifest.xml:14:13-55
75
76            <!--
77                 Specifies an Android theme to apply to this Activity as soon as
78                 the Android process has started. This theme is visible to the user
79                 while the Flutter UI initializes. After that, this theme continues
80                 to determine the Window background behind the Flutter UI.
81            -->
82            <meta-data
82-->src\main\AndroidManifest.xml:19:13-21:66
83                android:name="io.flutter.embedding.android.SplashScreenDrawable"
83-->src\main\AndroidManifest.xml:20:17-81
84                android:resource="@drawable/launch_background" />
84-->src\main\AndroidManifest.xml:21:17-63
85            <meta-data
85-->src\main\AndroidManifest.xml:22:13-25:17
86                android:name="io.flutter.embedding.android.NormalTheme"
86-->src\main\AndroidManifest.xml:23:17-72
87                android:resource="@style/NormalTheme" />
87-->src\main\AndroidManifest.xml:24:17-54
88
89            <intent-filter>
89-->src\main\AndroidManifest.xml:26:13-29:29
90                <action android:name="android.intent.action.MAIN" />
90-->src\main\AndroidManifest.xml:27:17-68
90-->src\main\AndroidManifest.xml:27:25-66
91
92                <category android:name="android.intent.category.LAUNCHER" />
92-->src\main\AndroidManifest.xml:28:17-76
92-->src\main\AndroidManifest.xml:28:27-74
93            </intent-filter>
94            <intent-filter>
94-->src\main\AndroidManifest.xml:26:13-29:29
95                <action android:name="android.intent.action.MAIN" />
95-->src\main\AndroidManifest.xml:27:17-68
95-->src\main\AndroidManifest.xml:27:25-66
96
97                <category android:name="android.intent.category.LAUNCHER" />
97-->src\main\AndroidManifest.xml:28:17-76
97-->src\main\AndroidManifest.xml:28:27-74
98            </intent-filter>
99            <intent-filter>
99-->src\main\AndroidManifest.xml:34:13-37:29
100                <action android:name="FLUTTER_NOTIFICATION_CLICK" />
100-->src\main\AndroidManifest.xml:35:17-69
100-->src\main\AndroidManifest.xml:35:25-66
101
102                <category android:name="android.intent.category.DEFAULT" />
102-->src\main\AndroidManifest.xml:36:17-76
102-->src\main\AndroidManifest.xml:36:27-73
103            </intent-filter>
104        </activity>
105        <!--
106             Don't delete the meta-data below.
107             This is used by the Flutter tool to generate GeneratedPluginRegistrant.java
108        -->
109        <meta-data
109-->src\main\AndroidManifest.xml:41:9-43:33
110            android:name="flutterEmbedding"
110-->src\main\AndroidManifest.xml:42:13-44
111            android:value="2" />
111-->src\main\AndroidManifest.xml:43:13-30
112        <meta-data
112-->src\main\AndroidManifest.xml:45:9-47:71
113            android:name="com.google.android.geo.API_KEY"
113-->src\main\AndroidManifest.xml:46:13-58
114            android:value="AIzaSyDDfmRj3DcI08yalQfoopLbyIEQNvU2lFo" />
114-->src\main\AndroidManifest.xml:47:13-68
115
116        <receiver
116-->src\main\AndroidManifest.xml:49:9-56:20
117            android:name="com.dexterous.flutterlocalnotifications.ScheduledNotificationBootReceiver"
117-->src\main\AndroidManifest.xml:50:9-97
118            android:exported="false" >
118-->src\main\AndroidManifest.xml:51:9-33
119            <intent-filter>
119-->src\main\AndroidManifest.xml:53:13-55:29
120                <action android:name="android.intent.action.BOOT_COMPLETED" />
120-->src\main\AndroidManifest.xml:54:17-86
120-->src\main\AndroidManifest.xml:54:25-76
121            </intent-filter>
122        </receiver>
123        <receiver android:name="com.dexterous.flutterlocalnotifications.ScheduledNotificationReceiver" />
123-->src\main\AndroidManifest.xml:57:9-106
123-->src\main\AndroidManifest.xml:57:19-103
124
125        <service
125-->[:firebase_storage] AndroidManifest.xml:10:9-14:19
126            android:name="com.google.firebase.components.ComponentDiscoveryService"
126-->[:firebase_storage] AndroidManifest.xml:10:18-89
127            android:directBootAware="true"
127-->[com.google.firebase:firebase-common:20.4.3] AndroidManifest.xml:32:13-43
128            android:exported="false" >
128-->[com.google.firebase:firebase-messaging-ktx:23.4.1] AndroidManifest.xml:25:13-37
129            <meta-data
129-->[:firebase_storage] AndroidManifest.xml:11:13-13:85
130                android:name="com.google.firebase.components:io.flutter.plugins.firebase.storage.FlutterFirebaseAppRegistrar"
130-->[:firebase_storage] AndroidManifest.xml:12:17-126
131                android:value="com.google.firebase.components.ComponentRegistrar" />
131-->[:firebase_storage] AndroidManifest.xml:13:17-82
132            <meta-data
132-->[:firebase_messaging] AndroidManifest.xml:38:13-40:85
133                android:name="com.google.firebase.components:io.flutter.plugins.firebase.messaging.FlutterFirebaseAppRegistrar"
133-->[:firebase_messaging] AndroidManifest.xml:39:17-128
134                android:value="com.google.firebase.components.ComponentRegistrar" />
134-->[:firebase_messaging] AndroidManifest.xml:40:17-82
135            <meta-data
135-->[:firebase_core] AndroidManifest.xml:11:13-13:85
136                android:name="com.google.firebase.components:io.flutter.plugins.firebase.core.FlutterFirebaseCoreRegistrar"
136-->[:firebase_core] AndroidManifest.xml:12:17-124
137                android:value="com.google.firebase.components.ComponentRegistrar" />
137-->[:firebase_core] AndroidManifest.xml:13:17-82
138            <meta-data
138-->[com.google.firebase:firebase-messaging-ktx:23.4.1] AndroidManifest.xml:26:13-28:85
139                android:name="com.google.firebase.components:com.google.firebase.messaging.ktx.FirebaseMessagingLegacyRegistrar"
139-->[com.google.firebase:firebase-messaging-ktx:23.4.1] AndroidManifest.xml:27:17-129
140                android:value="com.google.firebase.components.ComponentRegistrar" />
140-->[com.google.firebase:firebase-messaging-ktx:23.4.1] AndroidManifest.xml:28:17-82
141            <meta-data
141-->[com.google.firebase:firebase-messaging:23.4.1] AndroidManifest.xml:57:13-59:85
142                android:name="com.google.firebase.components:com.google.firebase.messaging.FirebaseMessagingKtxRegistrar"
142-->[com.google.firebase:firebase-messaging:23.4.1] AndroidManifest.xml:58:17-122
143                android:value="com.google.firebase.components.ComponentRegistrar" />
143-->[com.google.firebase:firebase-messaging:23.4.1] AndroidManifest.xml:59:17-82
144            <meta-data
144-->[com.google.firebase:firebase-messaging:23.4.1] AndroidManifest.xml:60:13-62:85
145                android:name="com.google.firebase.components:com.google.firebase.messaging.FirebaseMessagingRegistrar"
145-->[com.google.firebase:firebase-messaging:23.4.1] AndroidManifest.xml:61:17-119
146                android:value="com.google.firebase.components.ComponentRegistrar" />
146-->[com.google.firebase:firebase-messaging:23.4.1] AndroidManifest.xml:62:17-82
147            <meta-data
147-->[com.google.firebase:firebase-storage:20.3.0] AndroidManifest.xml:30:13-32:85
148                android:name="com.google.firebase.components:com.google.firebase.storage.FirebaseStorageKtxRegistrar"
148-->[com.google.firebase:firebase-storage:20.3.0] AndroidManifest.xml:31:17-118
149                android:value="com.google.firebase.components.ComponentRegistrar" />
149-->[com.google.firebase:firebase-storage:20.3.0] AndroidManifest.xml:32:17-82
150            <meta-data
150-->[com.google.firebase:firebase-storage:20.3.0] AndroidManifest.xml:33:13-35:85
151                android:name="com.google.firebase.components:com.google.firebase.storage.StorageRegistrar"
151-->[com.google.firebase:firebase-storage:20.3.0] AndroidManifest.xml:34:17-107
152                android:value="com.google.firebase.components.ComponentRegistrar" />
152-->[com.google.firebase:firebase-storage:20.3.0] AndroidManifest.xml:35:17-82
153            <meta-data
153-->[com.google.firebase:firebase-appcheck:17.1.2] AndroidManifest.xml:25:13-27:85
154                android:name="com.google.firebase.components:com.google.firebase.appcheck.FirebaseAppCheckKtxRegistrar"
154-->[com.google.firebase:firebase-appcheck:17.1.2] AndroidManifest.xml:26:17-120
155                android:value="com.google.firebase.components.ComponentRegistrar" />
155-->[com.google.firebase:firebase-appcheck:17.1.2] AndroidManifest.xml:27:17-82
156            <meta-data
156-->[com.google.firebase:firebase-appcheck:17.1.2] AndroidManifest.xml:28:13-30:85
157                android:name="com.google.firebase.components:com.google.firebase.appcheck.FirebaseAppCheckRegistrar"
157-->[com.google.firebase:firebase-appcheck:17.1.2] AndroidManifest.xml:29:17-117
158                android:value="com.google.firebase.components.ComponentRegistrar" />
158-->[com.google.firebase:firebase-appcheck:17.1.2] AndroidManifest.xml:30:17-82
159            <meta-data
159-->[com.google.android.gms:play-services-measurement-api:21.6.1] AndroidManifest.xml:37:13-39:85
160                android:name="com.google.firebase.components:com.google.firebase.analytics.connector.internal.AnalyticsConnectorRegistrar"
160-->[com.google.android.gms:play-services-measurement-api:21.6.1] AndroidManifest.xml:38:17-139
161                android:value="com.google.firebase.components.ComponentRegistrar" />
161-->[com.google.android.gms:play-services-measurement-api:21.6.1] AndroidManifest.xml:39:17-82
162            <meta-data
162-->[com.google.firebase:firebase-installations:17.2.0] AndroidManifest.xml:15:13-17:85
163                android:name="com.google.firebase.components:com.google.firebase.installations.FirebaseInstallationsKtxRegistrar"
163-->[com.google.firebase:firebase-installations:17.2.0] AndroidManifest.xml:16:17-130
164                android:value="com.google.firebase.components.ComponentRegistrar" />
164-->[com.google.firebase:firebase-installations:17.2.0] AndroidManifest.xml:17:17-82
165            <meta-data
165-->[com.google.firebase:firebase-installations:17.2.0] AndroidManifest.xml:18:13-20:85
166                android:name="com.google.firebase.components:com.google.firebase.installations.FirebaseInstallationsRegistrar"
166-->[com.google.firebase:firebase-installations:17.2.0] AndroidManifest.xml:19:17-127
167                android:value="com.google.firebase.components.ComponentRegistrar" />
167-->[com.google.firebase:firebase-installations:17.2.0] AndroidManifest.xml:20:17-82
168            <meta-data
168-->[com.google.firebase:firebase-common-ktx:20.4.3] AndroidManifest.xml:12:13-14:85
169                android:name="com.google.firebase.components:com.google.firebase.ktx.FirebaseCommonLegacyRegistrar"
169-->[com.google.firebase:firebase-common-ktx:20.4.3] AndroidManifest.xml:13:17-116
170                android:value="com.google.firebase.components.ComponentRegistrar" />
170-->[com.google.firebase:firebase-common-ktx:20.4.3] AndroidManifest.xml:14:17-82
171            <meta-data
171-->[com.google.firebase:firebase-common:20.4.3] AndroidManifest.xml:35:13-37:85
172                android:name="com.google.firebase.components:com.google.firebase.FirebaseCommonKtxRegistrar"
172-->[com.google.firebase:firebase-common:20.4.3] AndroidManifest.xml:36:17-109
173                android:value="com.google.firebase.components.ComponentRegistrar" />
173-->[com.google.firebase:firebase-common:20.4.3] AndroidManifest.xml:37:17-82
174            <meta-data
174-->[com.google.firebase:firebase-datatransport:18.1.7] AndroidManifest.xml:27:13-29:85
175                android:name="com.google.firebase.components:com.google.firebase.datatransport.TransportRegistrar"
175-->[com.google.firebase:firebase-datatransport:18.1.7] AndroidManifest.xml:28:17-115
176                android:value="com.google.firebase.components.ComponentRegistrar" />
176-->[com.google.firebase:firebase-datatransport:18.1.7] AndroidManifest.xml:29:17-82
177        </service>
178        <service
178-->[:firebase_messaging] AndroidManifest.xml:16:9-19:72
179            android:name="io.flutter.plugins.firebase.messaging.FlutterFirebaseMessagingBackgroundService"
179-->[:firebase_messaging] AndroidManifest.xml:17:13-107
180            android:exported="false"
180-->[:firebase_messaging] AndroidManifest.xml:18:13-37
181            android:permission="android.permission.BIND_JOB_SERVICE" />
181-->[:firebase_messaging] AndroidManifest.xml:19:13-69
182        <service
182-->[:firebase_messaging] AndroidManifest.xml:20:9-26:19
183            android:name="io.flutter.plugins.firebase.messaging.FlutterFirebaseMessagingService"
183-->[:firebase_messaging] AndroidManifest.xml:21:13-97
184            android:exported="false" >
184-->[:firebase_messaging] AndroidManifest.xml:22:13-37
185            <intent-filter>
185-->[:firebase_messaging] AndroidManifest.xml:23:13-25:29
186                <action android:name="com.google.firebase.MESSAGING_EVENT" />
186-->[:firebase_messaging] AndroidManifest.xml:24:17-78
186-->[:firebase_messaging] AndroidManifest.xml:24:25-75
187            </intent-filter>
188        </service>
189
190        <receiver
190-->[:firebase_messaging] AndroidManifest.xml:28:9-35:20
191            android:name="io.flutter.plugins.firebase.messaging.FlutterFirebaseMessagingReceiver"
191-->[:firebase_messaging] AndroidManifest.xml:29:13-98
192            android:exported="true"
192-->[:firebase_messaging] AndroidManifest.xml:30:13-36
193            android:permission="com.google.android.c2dm.permission.SEND" >
193-->[:firebase_messaging] AndroidManifest.xml:31:13-73
194            <intent-filter>
194-->[:firebase_messaging] AndroidManifest.xml:32:13-34:29
195                <action android:name="com.google.android.c2dm.intent.RECEIVE" />
195-->[:firebase_messaging] AndroidManifest.xml:33:17-81
195-->[:firebase_messaging] AndroidManifest.xml:33:25-78
196            </intent-filter>
197        </receiver>
198
199        <provider
199-->[:firebase_messaging] AndroidManifest.xml:43:9-47:38
200            android:name="io.flutter.plugins.firebase.messaging.FlutterFirebaseMessagingInitProvider"
200-->[:firebase_messaging] AndroidManifest.xml:44:13-102
201            android:authorities="mianffery.ivc.lili.flutterfirebasemessaginginitprovider"
201-->[:firebase_messaging] AndroidManifest.xml:45:13-88
202            android:exported="false"
202-->[:firebase_messaging] AndroidManifest.xml:46:13-37
203            android:initOrder="99" />
203-->[:firebase_messaging] AndroidManifest.xml:47:13-35
204
205        <service
205-->[:geolocator_android] AndroidManifest.xml:10:9-14:56
206            android:name="com.baseflow.geolocator.GeolocatorLocationService"
206-->[:geolocator_android] AndroidManifest.xml:11:13-77
207            android:enabled="true"
207-->[:geolocator_android] AndroidManifest.xml:12:13-35
208            android:exported="false"
208-->[:geolocator_android] AndroidManifest.xml:13:13-37
209            android:foregroundServiceType="location" />
209-->[:geolocator_android] AndroidManifest.xml:14:13-53
210
211        <provider
211-->[:image_picker_android] AndroidManifest.xml:11:9-19:20
212            android:name="io.flutter.plugins.imagepicker.ImagePickerFileProvider"
212-->[:image_picker_android] AndroidManifest.xml:12:13-82
213            android:authorities="mianffery.ivc.lili.flutter.image_provider"
213-->[:image_picker_android] AndroidManifest.xml:13:13-74
214            android:exported="false"
214-->[:image_picker_android] AndroidManifest.xml:14:13-37
215            android:grantUriPermissions="true" >
215-->[:image_picker_android] AndroidManifest.xml:15:13-47
216            <meta-data
216-->[:image_picker_android] AndroidManifest.xml:16:13-18:75
217                android:name="android.support.FILE_PROVIDER_PATHS"
217-->[:image_picker_android] AndroidManifest.xml:17:17-67
218                android:resource="@xml/flutter_image_picker_file_paths" />
218-->[:image_picker_android] AndroidManifest.xml:18:17-72
219        </provider> <!-- Trigger Google Play services to install the backported photo picker module. -->
220        <service
220-->[:image_picker_android] AndroidManifest.xml:21:9-33:19
221            android:name="com.google.android.gms.metadata.ModuleDependencies"
221-->[:image_picker_android] AndroidManifest.xml:22:13-78
222            android:enabled="false"
222-->[:image_picker_android] AndroidManifest.xml:23:13-36
223            android:exported="false" >
223-->[:image_picker_android] AndroidManifest.xml:24:13-37
224            <intent-filter>
224-->[:image_picker_android] AndroidManifest.xml:26:13-28:29
225                <action android:name="com.google.android.gms.metadata.MODULE_DEPENDENCIES" />
225-->[:image_picker_android] AndroidManifest.xml:27:17-94
225-->[:image_picker_android] AndroidManifest.xml:27:25-91
226            </intent-filter>
227
228            <meta-data
228-->[:image_picker_android] AndroidManifest.xml:30:13-32:36
229                android:name="photopicker_activity:0:required"
229-->[:image_picker_android] AndroidManifest.xml:31:17-63
230                android:value="" />
230-->[:image_picker_android] AndroidManifest.xml:32:17-33
231        </service>
232
233        <activity
233-->[:url_launcher_android] AndroidManifest.xml:10:9-13:74
234            android:name="io.flutter.plugins.urllauncher.WebViewActivity"
234-->[:url_launcher_android] AndroidManifest.xml:11:13-74
235            android:exported="false"
235-->[:url_launcher_android] AndroidManifest.xml:12:13-37
236            android:theme="@android:style/Theme.NoTitleBar.Fullscreen" />
236-->[:url_launcher_android] AndroidManifest.xml:13:13-71
237        <activity
237-->[com.stripe:paymentsheet:20.11.0] AndroidManifest.xml:10:9-13:69
238            android:name="com.stripe.android.paymentsheet.PaymentSheetActivity"
238-->[com.stripe:paymentsheet:20.11.0] AndroidManifest.xml:11:13-80
239            android:exported="false"
239-->[com.stripe:paymentsheet:20.11.0] AndroidManifest.xml:12:13-37
240            android:theme="@style/StripePaymentSheetDefaultTheme" />
240-->[com.stripe:paymentsheet:20.11.0] AndroidManifest.xml:13:13-66
241        <activity
241-->[com.stripe:paymentsheet:20.11.0] AndroidManifest.xml:14:9-17:69
242            android:name="com.stripe.android.paymentsheet.PaymentOptionsActivity"
242-->[com.stripe:paymentsheet:20.11.0] AndroidManifest.xml:15:13-82
243            android:exported="false"
243-->[com.stripe:paymentsheet:20.11.0] AndroidManifest.xml:16:13-37
244            android:theme="@style/StripePaymentSheetDefaultTheme" />
244-->[com.stripe:paymentsheet:20.11.0] AndroidManifest.xml:17:13-66
245        <activity
245-->[com.stripe:paymentsheet:20.11.0] AndroidManifest.xml:18:9-21:69
246            android:name="com.stripe.android.paymentsheet.addresselement.AddressElementActivity"
246-->[com.stripe:paymentsheet:20.11.0] AndroidManifest.xml:19:13-97
247            android:exported="false"
247-->[com.stripe:paymentsheet:20.11.0] AndroidManifest.xml:20:13-37
248            android:theme="@style/StripePaymentSheetDefaultTheme" />
248-->[com.stripe:paymentsheet:20.11.0] AndroidManifest.xml:21:13-66
249        <activity
249-->[com.stripe:link:20.11.0] AndroidManifest.xml:10:9-14:52
250            android:name="com.stripe.android.link.LinkActivity"
250-->[com.stripe:link:20.11.0] AndroidManifest.xml:11:13-64
251            android:exported="false"
251-->[com.stripe:link:20.11.0] AndroidManifest.xml:12:13-37
252            android:label="@string/link"
252-->[com.stripe:link:20.11.0] AndroidManifest.xml:13:13-41
253            android:theme="@style/LinkBaseTheme" />
253-->[com.stripe:link:20.11.0] AndroidManifest.xml:14:13-49
254        <activity
254-->[com.stripe:financial-connections:20.11.0] AndroidManifest.xml:23:9-42:20
255            android:name="com.stripe.android.financialconnections.FinancialConnectionsSheetRedirectActivity"
255-->[com.stripe:financial-connections:20.11.0] AndroidManifest.xml:24:13-109
256            android:exported="true" >
256-->[com.stripe:financial-connections:20.11.0] AndroidManifest.xml:25:13-36
257            <intent-filter>
257-->[com.stripe:financial-connections:20.11.0] AndroidManifest.xml:26:13-41:29
258                <action android:name="android.intent.action.VIEW" />
258-->src\main\AndroidManifest.xml:62:13-65
258-->src\main\AndroidManifest.xml:62:21-62
259
260                <category android:name="android.intent.category.DEFAULT" />
260-->src\main\AndroidManifest.xml:36:17-76
260-->src\main\AndroidManifest.xml:36:27-73
261                <category android:name="android.intent.category.BROWSABLE" />
261-->[com.stripe:financial-connections:20.11.0] AndroidManifest.xml:30:17-78
261-->[com.stripe:financial-connections:20.11.0] AndroidManifest.xml:30:27-75
262
263                <!-- Accepts success and cancel URIs that begin with "stripe-auth://link-accounts” -->
264                <data
264-->src\main\AndroidManifest.xml:63:13-44
265                    android:host="link-accounts"
266                    android:path="/mianffery.ivc.lili/success"
267                    android:scheme="stripe-auth" />
267-->src\main\AndroidManifest.xml:63:19-41
268                <data
268-->src\main\AndroidManifest.xml:63:13-44
269                    android:host="link-accounts"
270                    android:path="/mianffery.ivc.lili/cancel"
271                    android:scheme="stripe-auth" />
271-->src\main\AndroidManifest.xml:63:19-41
272            </intent-filter>
273        </activity>
274        <activity
274-->[com.stripe:financial-connections:20.11.0] AndroidManifest.xml:43:9-46:57
275            android:name="com.stripe.android.financialconnections.FinancialConnectionsSheetActivity"
275-->[com.stripe:financial-connections:20.11.0] AndroidManifest.xml:44:13-101
276            android:exported="false"
276-->[com.stripe:financial-connections:20.11.0] AndroidManifest.xml:45:13-37
277            android:theme="@style/StripeDefaultTheme" />
277-->[com.stripe:financial-connections:20.11.0] AndroidManifest.xml:46:13-54
278
279        <provider
279-->[com.stripe:financial-connections:20.11.0] AndroidManifest.xml:48:9-52:43